<?xml version="1.0" encoding="UTF-8"?>
<!-- Generated by org.testng.reporters.JUnitReportReporter -->
<testsuite name="NewTestNG" tests="1" time="0.033" ignored="0" failures="0" timestamp="15 十二月 2016 06:28:31 GMT" skipped="0" hostname="leona-PC" errors="0">
  <testcase name="f" time="0.033" classname="NewTestNG"/>
</testsuite> <!-- NewTestNG -->
