<?xml version="1.0" encoding="UTF-8"?>
<!-- Generated by org.testng.reporters.JUnitReportReporter -->
<testsuite skipped="0" hostname="LAPTOP-0NIGE0B6" name="NewTestNG" tests="1" failures="0" timestamp="26 三月 2017 09:35:29 GMT" time="0.000" errors="0">
  <testcase name="f" time="0.000" classname="NewTestNG"/>
</testsuite> <!-- NewTestNG -->
